<test-run id="2" duration="22.563105999999998" testcasecount="2" total="2" passed="0" failed="2" inconclusive="0" skipped="0" result="Failed" start-time="2023-07-26T 05:48:08Z" end-time="2023-07-26T 05:48:31Z">
  <test-suite type="Assembly" name="uk.co.nfocus.jack.cunliffe.ecommerceproject.dll" fullname="D:\Work Stuff\uk.co.nfocus.jack.cunliffe.ecommerceproject\uk.co.nfocus.jack.cunliffe.ecommerceproject\uk.co.nfocus.jack.cunliffe.ecommerceproject\bin\Debug\net6.0\uk.co.nfocus.jack.cunliffe.ecommerceproject.dll" total="2" passed="0" failed="2" inconclusive="0" skipped="0" result="Failed" start-time="2023-07-26T 05:48:08Z" end-time="2023-07-26T 05:48:31Z" duration="22.563106">
    <test-suite type="TestSuite" name="uk" fullname="uk" total="2" passed="0" failed="2" inconclusive="0" skipped="0" result="Failed" start-time="2023-07-26T 05:48:08Z" end-time="2023-07-26T 05:48:31Z" duration="22.563106">
      <test-suite type="TestSuite" name="co" fullname="uk.co" total="2" passed="0" failed="2" inconclusive="0" skipped="0" result="Failed" start-time="2023-07-26T 05:48:08Z" end-time="2023-07-26T 05:48:31Z" duration="22.563106">
        <test-suite type="TestSuite" name="nfocus" fullname="uk.co.nfocus" total="2" passed="0" failed="2" inconclusive="0" skipped="0" result="Failed" start-time="2023-07-26T 05:48:08Z" end-time="2023-07-26T 05:48:31Z" duration="22.563106">
          <test-suite type="TestSuite" name="jack" fullname="uk.co.nfocus.jack" total="2" passed="0" failed="2" inconclusive="0" skipped="0" result="Failed" start-time="2023-07-26T 05:48:08Z" end-time="2023-07-26T 05:48:31Z" duration="22.563106">
            <test-suite type="TestSuite" name="cunliffe" fullname="uk.co.nfocus.jack.cunliffe" total="2" passed="0" failed="2" inconclusive="0" skipped="0" result="Failed" start-time="2023-07-26T 05:48:08Z" end-time="2023-07-26T 05:48:31Z" duration="22.563106">
              <test-suite type="TestSuite" name="ecommerceproject" fullname="uk.co.nfocus.jack.cunliffe.ecommerceproject" total="2" passed="0" failed="2" inconclusive="0" skipped="0" result="Failed" start-time="2023-07-26T 05:48:08Z" end-time="2023-07-26T 05:48:31Z" duration="22.563106">
                <test-suite type="TestSuite" name="TestCases" fullname="uk.co.nfocus.jack.cunliffe.ecommerceproject.TestCases" total="2" passed="0" failed="2" inconclusive="0" skipped="0" result="Failed" start-time="2023-07-26T 05:48:08Z" end-time="2023-07-26T 05:48:31Z" duration="22.563106">
                  <test-suite type="TestFixture" name="HelloWebdriver" fullname="uk.co.nfocus.jack.cunliffe.ecommerceproject.TestCases.HelloWebdriver" classname="uk.co.nfocus.jack.cunliffe.ecommerceproject.TestCases.HelloWebdriver" total="1" passed="0" failed="1" inconclusive="0" skipped="0" result="Failed" start-time="2023-07-26T 05:48:08Z" end-time="2023-07-26T 05:48:22Z" duration="14.323373">
                    <test-case name="CheckLoginLogoutCycle" fullname="uk.co.nfocus.jack.cunliffe.ecommerceproject.TestCases.HelloWebdriver.CheckLoginLogoutCycle" methodname="CheckLoginLogoutCycle" classname="HelloWebdriver" result="Failed" start-time="2023-07-26T 05:48:08Z" end-time="2023-07-26T 05:48:22Z" duration="14.323373" asserts="0" seed="391163534">
                      <output><![CDATA[No browser set - launching chrome

]]></output>
                      <failure>
                        <message>OpenQA.Selenium.NoSuchElementException : no such element: Unable to locate element: {"method":"css selector","selector":"#post-7 &gt; div &gt; div &gt; nav &gt; ul &gt; li.woocommerce-MyAccount-navigation-link.woocommerce-MyAccount-navigation-link--customer-logout &gt; a"}
  (Session info: chrome=115.0.5790.102); For documentation on this error, please visit: https://www.selenium.dev/documentation/webdriver/troubleshooting/errors#no-such-element-exception</message>
                        <stack-trace>   at OpenQA.Selenium.WebDriver.UnpackAndThrowOnError(Response errorResponse, String commandToExecute)
   at OpenQA.Selenium.WebDriver.Execute(String driverCommandToExecute, Dictionary`2 parameters)
   at OpenQA.Selenium.WebDriver.FindElement(String mechanism, String value)
   at OpenQA.Selenium.By.&lt;.ctor&gt;b__11_0(ISearchContext context)
   at OpenQA.Selenium.By.FindElement(ISearchContext context)
   at OpenQA.Selenium.WebDriver.FindElement(By by)
   at uk.co.nfocus.jack.cunliffe.ecommerceproject.POMPages.AccountPagePOM.get__logOutButton() in D:\Work Stuff\uk.co.nfocus.jack.cunliffe.ecommerceproject\uk.co.nfocus.jack.cunliffe.ecommerceproject\uk.co.nfocus.jack.cunliffe.ecommerceproject\POMPages\AccountPagePOM.cs:line 23
   at uk.co.nfocus.jack.cunliffe.ecommerceproject.POMPages.AccountPagePOM.LogOut() in D:\Work Stuff\uk.co.nfocus.jack.cunliffe.ecommerceproject\uk.co.nfocus.jack.cunliffe.ecommerceproject\uk.co.nfocus.jack.cunliffe.ecommerceproject\POMPages\AccountPagePOM.cs:line 46
   at uk.co.nfocus.jack.cunliffe.ecommerceproject.TestCases.HelloWebdriver.CheckLoginLogoutCycle() in D:\Work Stuff\uk.co.nfocus.jack.cunliffe.ecommerceproject\uk.co.nfocus.jack.cunliffe.ecommerceproject\uk.co.nfocus.jack.cunliffe.ecommerceproject\TestCases\Test.cs:line 54
</stack-trace>
                      </failure>
                    </test-case>
                  </test-suite>
                  <test-suite type="TestFixture" name="TestCase2" fullname="uk.co.nfocus.jack.cunliffe.ecommerceproject.TestCases.TestCase2" classname="uk.co.nfocus.jack.cunliffe.ecommerceproject.TestCases.TestCase2" total="1" passed="0" failed="1" inconclusive="0" skipped="0" result="Failed" start-time="2023-07-26T 05:48:22Z" end-time="2023-07-26T 05:48:31Z" duration="8.239733">
                    <test-case name="Test2" fullname="uk.co.nfocus.jack.cunliffe.ecommerceproject.TestCases.TestCase2.Test2" methodname="Test2" classname="TestCase2" result="Failed" start-time="2023-07-26T 05:48:22Z" end-time="2023-07-26T 05:48:31Z" duration="8.239733" asserts="0" seed="2096099276">
                      <output><![CDATA[No browser set - launching chrome

]]></output>
                      <failure>
                        <message>System.NullReferenceException : Object reference not set to an instance of an object.</message>
                        <stack-trace>   at uk.co.nfocus.jack.cunliffe.ecommerceproject.POMPages.AccountPagePOM.SelectShop() in D:\Work Stuff\uk.co.nfocus.jack.cunliffe.ecommerceproject\uk.co.nfocus.jack.cunliffe.ecommerceproject\uk.co.nfocus.jack.cunliffe.ecommerceproject\POMPages\AccountPagePOM.cs:line 27
   at uk.co.nfocus.jack.cunliffe.ecommerceproject.TestCases.TestCase2.Test2() in D:\Work Stuff\uk.co.nfocus.jack.cunliffe.ecommerceproject\uk.co.nfocus.jack.cunliffe.ecommerceproject\uk.co.nfocus.jack.cunliffe.ecommerceproject\TestCases\TestCase2.cs:line 22
</stack-trace>
                      </failure>
                    </test-case>
                  </test-suite>
                </test-suite>
              </test-suite>
            </test-suite>
          </test-suite>
        </test-suite>
      </test-suite>
    </test-suite>
    <errors />
  </test-suite>
</test-run>